[1m@storybook/core v8.5.0
[22m
info => Cleaning outputDir: [36m../../../../var/folders/xf/22tq1mhj5q797tcnkfxq0td80000gn/T/chromatic--3959-LnYzvV7cAn6Q[39m
info => Loading presets
info => Building manager..
info => Manager built ([38;2;181;126;229m101 ms[39m)
info => Building preview..
WARN No story files found for the specified pattern: [34msrc/**/*.mdx[39m
[36mvite v6.0.7 [32mbuilding for production...[36m[39m
transforming...
[32m✓[39m 84 modules transformed.
rendering chunks...
[2m../../../../var/folders/xf/22tq1mhj5q797tcnkfxq0td80000gn/T/chromatic--3959-LnYzvV7cAn6Q/[22m[32miframe.html                          [39m[1m[2m 16.33 kB[22m[1m[22m
[2m../../../../var/folders/xf/22tq1mhj5q797tcnkfxq0td80000gn/T/chromatic--3959-LnYzvV7cAn6Q/[22m[2massets/[22m[35mpreview-D4edqRDg.css          [39m[1m[2m 22.71 kB[22m[1m[22m
[2m../../../../var/folders/xf/22tq1mhj5q797tcnkfxq0td80000gn/T/chromatic--3959-LnYzvV7cAn6Q/[22m[2massets/[22m[36m_commonjsHelpers-CqkleIqs.js  [39m[1m[2m  0.12 kB[22m[1m[22m
[2m../../../../var/folders/xf/22tq1mhj5q797tcnkfxq0td80000gn/T/chromatic--3959-LnYzvV7cAn6Q/[22m[2massets/[22m[36mpreview-BmbWeJDR.js           [39m[1m[2m  0.16 kB[22m[1m[22m
[2m../../../../var/folders/xf/22tq1mhj5q797tcnkfxq0td80000gn/T/chromatic--3959-LnYzvV7cAn6Q/[22m[2massets/[22m[36mpreview-CKnrkRJt.js           [39m[1m[2m  0.16 kB[22m[1m[22m
[2m../../../../var/folders/xf/22tq1mhj5q797tcnkfxq0td80000gn/T/chromatic--3959-LnYzvV7cAn6Q/[22m[2massets/[22m[36mpreview-DIUVujEO.js           [39m[1m[2m  0.24 kB[22m[1m[22m
[2m../../../../var/folders/xf/22tq1mhj5q797tcnkfxq0td80000gn/T/chromatic--3959-LnYzvV7cAn6Q/[22m[2massets/[22m[36mpreview-caVMbCIR.js           [39m[1m[2m  0.69 kB[22m[1m[22m
[2m../../../../var/folders/xf/22tq1mhj5q797tcnkfxq0td80000gn/T/chromatic--3959-LnYzvV7cAn6Q/[22m[2massets/[22m[36mjsx-runtime-CLpGMVip.js       [39m[1m[2m  0.73 kB[22m[1m[22m
[2m../../../../var/folders/xf/22tq1mhj5q797tcnkfxq0td80000gn/T/chromatic--3959-LnYzvV7cAn6Q/[22m[2massets/[22m[36mindex-ogSvIofg.js             [39m[1m[2m  0.77 kB[22m[1m[22m
[2m../../../../var/folders/xf/22tq1mhj5q797tcnkfxq0td80000gn/T/chromatic--3959-LnYzvV7cAn6Q/[22m[2massets/[22m[36mButton.stories-vTYN5c65.js    [39m[1m[2m  2.18 kB[22m[1m[22m
[2m../../../../var/folders/xf/22tq1mhj5q797tcnkfxq0td80000gn/T/chromatic--3959-LnYzvV7cAn6Q/[22m[2massets/[22m[36mpreview-BYI60jBg.js           [39m[1m[2m  3.39 kB[22m[1m[22m
[2m../../../../var/folders/xf/22tq1mhj5q797tcnkfxq0td80000gn/T/chromatic--3959-LnYzvV7cAn6Q/[22m[2massets/[22m[36mpreview-DrF-kgdk.js           [39m[1m[2m  4.84 kB[22m[1m[22m
[2m../../../../var/folders/xf/22tq1mhj5q797tcnkfxq0td80000gn/T/chromatic--3959-LnYzvV7cAn6Q/[22m[2massets/[22m[36mpreview-DY_pW_WS.js           [39m[1m[2m  7.62 kB[22m[1m[22m
[2m../../../../var/folders/xf/22tq1mhj5q797tcnkfxq0td80000gn/T/chromatic--3959-LnYzvV7cAn6Q/[22m[2massets/[22m[36mpreview-CuLlOZat.js           [39m[1m[2m  8.08 kB[22m[1m[22m
[2m../../../../var/folders/xf/22tq1mhj5q797tcnkfxq0td80000gn/T/chromatic--3959-LnYzvV7cAn6Q/[22m[2massets/[22m[36mentry-preview-CCk_8Wc9.js     [39m[1m[2m 38.09 kB[22m[1m[22m
[2m../../../../var/folders/xf/22tq1mhj5q797tcnkfxq0td80000gn/T/chromatic--3959-LnYzvV7cAn6Q/[22m[2massets/[22m[36mreact-18-s7z2LVdn.js          [39m[1m[2m177.00 kB[22m[1m[22m
[2m../../../../var/folders/xf/22tq1mhj5q797tcnkfxq0td80000gn/T/chromatic--3959-LnYzvV7cAn6Q/[22m[2massets/[22m[36miframe-RXIb7OuG.js            [39m[1m[2m189.10 kB[22m[1m[22m
[2m../../../../var/folders/xf/22tq1mhj5q797tcnkfxq0td80000gn/T/chromatic--3959-LnYzvV7cAn6Q/[22m[2massets/[22m[36mindex-BdijjU1b.js             [39m[1m[33m657.93 kB[39m[22m
[32m✓ built in 1.59s[39m
info => Preview built ([38;2;181;126;229m1.7 s[39m)
info => Output directory: /var/folders/xf/22tq1mhj5q797tcnkfxq0td80000gn/T/chromatic--3959-LnYzvV7cAn6Q
